<?xml version="1.0" encoding="UTF-8"?>
<!-- Generated by org.testng.reporters.JUnitReportReporter -->
<testsuite hostname="DESKTOP-9DJFDHQ" failures="0" tests="2" name="com.generic.Runner" time="7.328" errors="0" timestamp="2024-10-28T13:05:23 EDT" skipped="0">
  <testcase classname="com.generic.Runner" name="runScenario" time="4.699"/>
  <system-out/>
  <testcase classname="com.generic.Runner" name="runScenario" time="2.629"/>
  <system-out/>
</testsuite> <!-- com.generic.Runner -->
